<?xml version="1.0" encoding="UTF-8"?>
<testsuite name="com.epam.ld.module2.testing.ConsoleMailServerTest" tests="1" skipped="0" failures="0" errors="0" timestamp="2022-06-29T15:54:43" hostname="LAPTOP-TEC28GFT" time="0.069">
  <properties/>
  <testcase name="send_shouldPrintToConsole()" classname="com.epam.ld.module2.testing.ConsoleMailServerTest" time="0.069"/>
  <system-out><![CDATA[]]></system-out>
  <system-err><![CDATA[]]></system-err>
</testsuite>
