<?xml version="1.0" encoding="UTF-8"?>
<testsuite name="com.epam.ld.module2.testing.MessengerTest" tests="2" skipped="0" failures="0" errors="0" timestamp="2022-06-29T15:54:43" hostname="LAPTOP-TEC28GFT" time="0.435">
  <properties/>
  <testcase name="sendMessage_shouldCallFileMailServer_WhenFileMode()" classname="com.epam.ld.module2.testing.MessengerTest" time="0.418"/>
  <testcase name="sendMessage_shouldCallConsoleMailServer_WhenConsoleMode()" classname="com.epam.ld.module2.testing.MessengerTest" time="0.016"/>
  <system-out><![CDATA[]]></system-out>
  <system-err><![CDATA[]]></system-err>
</testsuite>
