<?xml version="1.0" encoding="UTF-8"?>
<testsuite name="com.epam.ld.module2.testing.MessengerTest" tests="2" skipped="0" failures="0" errors="0" timestamp="2022-06-27T09:00:08" hostname="LAPTOP-TEC28GFT" time="0.49">
  <properties/>
  <testcase name="sendMessage_shouldCallFileMailServer_WhenFileMode()" classname="com.epam.ld.module2.testing.MessengerTest" time="0.465"/>
  <testcase name="sendMessage_shouldCallConsoleMailServer_WhenConsoleMode()" classname="com.epam.ld.module2.testing.MessengerTest" time="0.024"/>
  <system-out><![CDATA[Subject: testSubject Body: testBody]]></system-out>
  <system-err><![CDATA[]]></system-err>
</testsuite>
