<?xml version="1.0" encoding="UTF-8"?>
<testsuite name="com.epam.ld.module2.testing.template.TemplateEngineTest" tests="1" skipped="0" failures="0" errors="0" timestamp="2022-06-20T13:11:25" hostname="LAPTOP-TEC28GFT" time="0.063">
  <properties/>
  <testcase name="generateMessage_shouldSupportFormat()" classname="com.epam.ld.module2.testing.template.TemplateEngineTest" time="0.063"/>
  <system-out><![CDATA[Enter subject: Enter body: ]]></system-out>
  <system-err><![CDATA[]]></system-err>
</testsuite>
