<?xml version="1.0" encoding="UTF-8"?>
<testsuite name="com.epam.ld.module2.testing.template.TemplateEngineTest" tests="8" skipped="0" failures="0" errors="0" timestamp="2022-06-26T12:37:38" hostname="LAPTOP-TEC28GFT" time="0.112">
  <properties/>
  <testcase name="generateMessage_shouldSupportFormat()" classname="com.epam.ld.module2.testing.template.TemplateEngineTest" time="0.02"/>
  <testcase name="generateMessage_shouldIgnoreValuesForVariablesMissedInTemplate()" classname="com.epam.ld.module2.testing.template.TemplateEngineTest" time="0.011"/>
  <testcase name="generateMessage_shouldReplacePlaceholderWhenReceivesValue()" classname="com.epam.ld.module2.testing.template.TemplateEngineTest" time="0.003"/>
  <testcase name="dynamicGenerateMessage_shouldReplacePlaceholderWhenReceivesValue()[1]" classname="com.epam.ld.module2.testing.template.TemplateEngineTest" time="0.001"/>
  <testcase name="dynamicGenerateMessage_shouldReplacePlaceholderWhenReceivesValue()[2]" classname="com.epam.ld.module2.testing.template.TemplateEngineTest" time="0.0"/>
  <testcase name="generateMessage_shouldThrowExceptionWhenReceivesEmptyValue(String)[1]" classname="com.epam.ld.module2.testing.template.TemplateEngineTest" time="0.029"/>
  <testcase name="generateMessage_shouldThrowExceptionWhenReceivesEmptyValue(String)[2]" classname="com.epam.ld.module2.testing.template.TemplateEngineTest" time="0.002"/>
  <testcase name="generateMessage_shouldThrowExceptionWhenReceivesEmptyValue(String)[3]" classname="com.epam.ld.module2.testing.template.TemplateEngineTest" time="0.003"/>
  <system-out><![CDATA[]]></system-out>
  <system-err><![CDATA[]]></system-err>
</testsuite>
