<?xml version="1.0" encoding="UTF-8"?>
<testsuite name="com.epam.ld.module2.testing.template.TemplateEngineTest" tests="4" skipped="0" failures="0" errors="0" timestamp="2022-06-20T09:31:45" hostname="LAPTOP-TEC28GFT" time="0.178">
  <properties/>
  <testcase name="generateMessage_shouldReplacePlaceholderWhenReceivesValue(String)[1]" classname="com.epam.ld.module2.testing.template.TemplateEngineTest" time="0.156"/>
  <testcase name="generateMessage_shouldReplacePlaceholderWhenReceivesValue(String)[2]" classname="com.epam.ld.module2.testing.template.TemplateEngineTest" time="0.004"/>
  <testcase name="generateMessage_shouldThrowExceptionWhenReceivesEmptyValue(String)[1]" classname="com.epam.ld.module2.testing.template.TemplateEngineTest" time="0.004"/>
  <testcase name="generateMessage_shouldThrowExceptionWhenReceivesEmptyValue(String)[2]" classname="com.epam.ld.module2.testing.template.TemplateEngineTest" time="0.003"/>
  <system-out><![CDATA[Enter subject: Enter subject: Enter subject: Enter subject: ]]></system-out>
  <system-err><![CDATA[]]></system-err>
</testsuite>
