<?xml version="1.0" encoding="UTF-8"?>
<testsuite name="com.epam.ld.module2.testing.FileTestMailServerTest" tests="2" skipped="0" failures="0" errors="0" timestamp="2022-06-26T12:37:38" hostname="LAPTOP-TEC28GFT" time="0.049">
  <properties/>
  <testcase name="send_shouldPrintToFile()" classname="com.epam.ld.module2.testing.FileTestMailServerTest" time="0.018"/>
  <testcase name="send_shouldPrintToFile(Path)" classname="com.epam.ld.module2.testing.FileTestMailServerTest" time="0.03"/>
  <system-out><![CDATA[]]></system-out>
  <system-err><![CDATA[]]></system-err>
</testsuite>
